CRITICAL - 2024-07-23 06:11:31 --> ErrorException: Undefined array key "images"
[Method: GET, Route: view_equipments/5]
in APPPATH\Views\equipments\view_equipments.php on line 42.
 1 APPPATH\Views\equipments\view_equipments.php(42): CodeIgniter\Debug\Exceptions->errorHandler(2, 'Undefined array key "images"', 'C:\\xampp\\htdocs\\mediresale\\app\\Views\\equipments\\view_equipments.php', 42)
 2 SYSTEMPATH\View\View.php(234): include('C:\\xampp\\htdocs\\mediresale\\app\\Views\\equipments\\view_equipments.php')
 3 SYSTEMPATH\View\View.php(237): CodeIgniter\View\View->CodeIgniter\View\{closure}()
 4 SYSTEMPATH\Common.php(1171): CodeIgniter\View\View->render('equipments/view_equipments', [], true)
 5 APPPATH\Controllers\Equipment.php(87): view('equipments/view_equipments', [...])
 6 SYSTEMPATH\CodeIgniter.php(933): App\Controllers\Equipment->view_equipments('5')
 7 SYSTEMPATH\CodeIgniter.php(509): CodeIgniter\CodeIgniter->runController(Object(App\Controllers\Equipment))
 8 SYSTEMPATH\CodeIgniter.php(355): CodeIgniter\CodeIgniter->handleRequest(null, Object(Config\Cache), false)
 9 SYSTEMPATH\Boot.php(325): CodeIgniter\CodeIgniter->run()
10 SYSTEMPATH\Boot.php(67): CodeIgniter\Boot::runCodeIgniter(Object(CodeIgniter\CodeIgniter))
11 FCPATH\index.php(56): CodeIgniter\Boot::bootWeb(Object(Config\Paths))
CRITICAL - 2024-07-23 06:12:58 --> ErrorException: foreach() argument must be of type array|object, string given
[Method: GET, Route: view_equipments/5]
in APPPATH\Views\equipments\view_equipments.php on line 42.
 1 APPPATH\Views\equipments\view_equipments.php(42): CodeIgniter\Debug\Exceptions->errorHandler(2, 'foreach() argument must be of type array|object, string given', 'C:\\xampp\\htdocs\\mediresale\\app\\Views\\equipments\\view_equipments.php', 42)
 2 SYSTEMPATH\View\View.php(234): include('C:\\xampp\\htdocs\\mediresale\\app\\Views\\equipments\\view_equipments.php')
 3 SYSTEMPATH\View\View.php(237): CodeIgniter\View\View->CodeIgniter\View\{closure}()
 4 SYSTEMPATH\Common.php(1171): CodeIgniter\View\View->render('equipments/view_equipments', [], true)
 5 APPPATH\Controllers\Equipment.php(87): view('equipments/view_equipments', [...])
 6 SYSTEMPATH\CodeIgniter.php(933): App\Controllers\Equipment->view_equipments('5')
 7 SYSTEMPATH\CodeIgniter.php(509): CodeIgniter\CodeIgniter->runController(Object(App\Controllers\Equipment))
 8 SYSTEMPATH\CodeIgniter.php(355): CodeIgniter\CodeIgniter->handleRequest(null, Object(Config\Cache), false)
 9 SYSTEMPATH\Boot.php(325): CodeIgniter\CodeIgniter->run()
10 SYSTEMPATH\Boot.php(67): CodeIgniter\Boot::runCodeIgniter(Object(CodeIgniter\CodeIgniter))
11 FCPATH\index.php(56): CodeIgniter\Boot::bootWeb(Object(Config\Paths))
CRITICAL - 2024-07-23 06:13:54 --> ErrorException: foreach() argument must be of type array|object, string given
[Method: GET, Route: view_equipments/5]
in APPPATH\Views\equipments\view_equipments.php on line 42.
 1 APPPATH\Views\equipments\view_equipments.php(42): CodeIgniter\Debug\Exceptions->errorHandler(2, 'foreach() argument must be of type array|object, string given', 'C:\\xampp\\htdocs\\mediresale\\app\\Views\\equipments\\view_equipments.php', 42)
 2 SYSTEMPATH\View\View.php(234): include('C:\\xampp\\htdocs\\mediresale\\app\\Views\\equipments\\view_equipments.php')
 3 SYSTEMPATH\View\View.php(237): CodeIgniter\View\View->CodeIgniter\View\{closure}()
 4 SYSTEMPATH\Common.php(1171): CodeIgniter\View\View->render('equipments/view_equipments', [], true)
 5 APPPATH\Controllers\Equipment.php(87): view('equipments/view_equipments', [...])
 6 SYSTEMPATH\CodeIgniter.php(933): App\Controllers\Equipment->view_equipments('5')
 7 SYSTEMPATH\CodeIgniter.php(509): CodeIgniter\CodeIgniter->runController(Object(App\Controllers\Equipment))
 8 SYSTEMPATH\CodeIgniter.php(355): CodeIgniter\CodeIgniter->handleRequest(null, Object(Config\Cache), false)
 9 SYSTEMPATH\Boot.php(325): CodeIgniter\CodeIgniter->run()
10 SYSTEMPATH\Boot.php(67): CodeIgniter\Boot::runCodeIgniter(Object(CodeIgniter\CodeIgniter))
11 FCPATH\index.php(56): CodeIgniter\Boot::bootWeb(Object(Config\Paths))
CRITICAL - 2024-07-23 06:14:56 --> ErrorException: Undefined array key "manufacture_year"
[Method: GET, Route: view_equipments/5]
in APPPATH\Views\equipments\view_equipments.php on line 90.
 1 APPPATH\Views\equipments\view_equipments.php(90): CodeIgniter\Debug\Exceptions->errorHandler(2, 'Undefined array key "manufacture_year"', 'C:\\xampp\\htdocs\\mediresale\\app\\Views\\equipments\\view_equipments.php', 90)
 2 SYSTEMPATH\View\View.php(234): include('C:\\xampp\\htdocs\\mediresale\\app\\Views\\equipments\\view_equipments.php')
 3 SYSTEMPATH\View\View.php(237): CodeIgniter\View\View->CodeIgniter\View\{closure}()
 4 SYSTEMPATH\Common.php(1171): CodeIgniter\View\View->render('equipments/view_equipments', [], true)
 5 APPPATH\Controllers\Equipment.php(87): view('equipments/view_equipments', [...])
 6 SYSTEMPATH\CodeIgniter.php(933): App\Controllers\Equipment->view_equipments('5')
 7 SYSTEMPATH\CodeIgniter.php(509): CodeIgniter\CodeIgniter->runController(Object(App\Controllers\Equipment))
 8 SYSTEMPATH\CodeIgniter.php(355): CodeIgniter\CodeIgniter->handleRequest(null, Object(Config\Cache), false)
 9 SYSTEMPATH\Boot.php(325): CodeIgniter\CodeIgniter->run()
10 SYSTEMPATH\Boot.php(67): CodeIgniter\Boot::runCodeIgniter(Object(CodeIgniter\CodeIgniter))
11 FCPATH\index.php(56): CodeIgniter\Boot::bootWeb(Object(Config\Paths))
CRITICAL - 2024-07-23 06:14:57 --> ErrorException: Undefined array key "manufacture_year"
[Method: GET, Route: view_equipments/5]
in APPPATH\Views\equipments\view_equipments.php on line 90.
 1 APPPATH\Views\equipments\view_equipments.php(90): CodeIgniter\Debug\Exceptions->errorHandler(2, 'Undefined array key "manufacture_year"', 'C:\\xampp\\htdocs\\mediresale\\app\\Views\\equipments\\view_equipments.php', 90)
 2 SYSTEMPATH\View\View.php(234): include('C:\\xampp\\htdocs\\mediresale\\app\\Views\\equipments\\view_equipments.php')
 3 SYSTEMPATH\View\View.php(237): CodeIgniter\View\View->CodeIgniter\View\{closure}()
 4 SYSTEMPATH\Common.php(1171): CodeIgniter\View\View->render('equipments/view_equipments', [], true)
 5 APPPATH\Controllers\Equipment.php(87): view('equipments/view_equipments', [...])
 6 SYSTEMPATH\CodeIgniter.php(933): App\Controllers\Equipment->view_equipments('5')
 7 SYSTEMPATH\CodeIgniter.php(509): CodeIgniter\CodeIgniter->runController(Object(App\Controllers\Equipment))
 8 SYSTEMPATH\CodeIgniter.php(355): CodeIgniter\CodeIgniter->handleRequest(null, Object(Config\Cache), false)
 9 SYSTEMPATH\Boot.php(325): CodeIgniter\CodeIgniter->run()
10 SYSTEMPATH\Boot.php(67): CodeIgniter\Boot::runCodeIgniter(Object(CodeIgniter\CodeIgniter))
11 FCPATH\index.php(56): CodeIgniter\Boot::bootWeb(Object(Config\Paths))
CRITICAL - 2024-07-23 06:16:15 --> ErrorException: Undefined array key "manufacture_year"
[Method: GET, Route: view_equipments/5]
in APPPATH\Views\equipments\view_equipments.php on line 90.
 1 APPPATH\Views\equipments\view_equipments.php(90): CodeIgniter\Debug\Exceptions->errorHandler(2, 'Undefined array key "manufacture_year"', 'C:\\xampp\\htdocs\\mediresale\\app\\Views\\equipments\\view_equipments.php', 90)
 2 SYSTEMPATH\View\View.php(234): include('C:\\xampp\\htdocs\\mediresale\\app\\Views\\equipments\\view_equipments.php')
 3 SYSTEMPATH\View\View.php(237): CodeIgniter\View\View->CodeIgniter\View\{closure}()
 4 SYSTEMPATH\Common.php(1171): CodeIgniter\View\View->render('equipments/view_equipments', [], true)
 5 APPPATH\Controllers\Equipment.php(87): view('equipments/view_equipments', [...])
 6 SYSTEMPATH\CodeIgniter.php(933): App\Controllers\Equipment->view_equipments('5')
 7 SYSTEMPATH\CodeIgniter.php(509): CodeIgniter\CodeIgniter->runController(Object(App\Controllers\Equipment))
 8 SYSTEMPATH\CodeIgniter.php(355): CodeIgniter\CodeIgniter->handleRequest(null, Object(Config\Cache), false)
 9 SYSTEMPATH\Boot.php(325): CodeIgniter\CodeIgniter->run()
10 SYSTEMPATH\Boot.php(67): CodeIgniter\Boot::runCodeIgniter(Object(CodeIgniter\CodeIgniter))
11 FCPATH\index.php(56): CodeIgniter\Boot::bootWeb(Object(Config\Paths))
ERROR - 2024-07-23 08:25:36 --> mysqli_sql_exception: Column 'zipcode' cannot be null in C:\xampp\htdocs\mediresale\system\Database\MySQLi\Connection.php:312
Stack trace:
#0 C:\xampp\htdocs\mediresale\system\Database\MySQLi\Connection.php(312): mysqli->query('INSERT INTO `pr...', 0)
#1 C:\xampp\htdocs\mediresale\system\Database\BaseConnection.php(734): CodeIgniter\Database\MySQLi\Connection->execute('INSERT INTO `pr...')
#2 C:\xampp\htdocs\mediresale\system\Database\BaseConnection.php(648): CodeIgniter\Database\BaseConnection->simpleQuery('INSERT INTO `pr...')
#3 C:\xampp\htdocs\mediresale\system\Database\BaseBuilder.php(2332): CodeIgniter\Database\BaseConnection->query('INSERT INTO `pr...', Array, false)
#4 C:\xampp\htdocs\mediresale\system\Model.php(394): CodeIgniter\Database\BaseBuilder->insert()
#5 C:\xampp\htdocs\mediresale\system\BaseModel.php(840): CodeIgniter\Model->doInsert(Array)
#6 C:\xampp\htdocs\mediresale\system\Model.php(802): CodeIgniter\BaseModel->insert(Array, false)
#7 C:\xampp\htdocs\mediresale\system\BaseModel.php(751): CodeIgniter\Model->insert(Array, false)
#8 C:\xampp\htdocs\mediresale\app\Controllers\Property.php(95): CodeIgniter\BaseModel->save(Array)
#9 C:\xampp\htdocs\mediresale\system\CodeIgniter.php(933): App\Controllers\Property->add_property()
#10 C:\xampp\htdocs\mediresale\system\CodeIgniter.php(509): CodeIgniter\CodeIgniter->runController(Object(App\Controllers\Property))
#11 C:\xampp\htdocs\mediresale\system\CodeIgniter.php(355): CodeIgniter\CodeIgniter->handleRequest(NULL, Object(Config\Cache), false)
#12 C:\xampp\htdocs\mediresale\system\Boot.php(325): CodeIgniter\CodeIgniter->run()
#13 C:\xampp\htdocs\mediresale\system\Boot.php(67): CodeIgniter\Boot::runCodeIgniter(Object(CodeIgniter\CodeIgniter))
#14 C:\xampp\htdocs\mediresale\index.php(56): CodeIgniter\Boot::bootWeb(Object(Config\Paths))
#15 {main}
CRITICAL - 2024-07-23 08:25:36 --> CodeIgniter\Database\Exceptions\DatabaseException: Column 'zipcode' cannot be null
[Method: POST, Route: property/add_property]
in SYSTEMPATH\Database\BaseConnection.php on line 688.
 1 SYSTEMPATH\Database\BaseBuilder.php(2332): CodeIgniter\Database\BaseConnection->query('INSERT INTO `property` (`name`, `description`, `state`, `city`, `zipcode`, `address`, `built_year`, `total_area`, `price`, `parking`, `property_image`) VALUES (:name:, :description:, :state:, :city:, :zipcode:, :address:, :built_year:, :total_area:, :price:, :parking:, :property_image:)', [...], false)
 2 SYSTEMPATH\Model.php(394): CodeIgniter\Database\BaseBuilder->insert()
 3 SYSTEMPATH\BaseModel.php(840): CodeIgniter\Model->doInsert([...])
 4 SYSTEMPATH\Model.php(802): CodeIgniter\BaseModel->insert([...], false)
 5 SYSTEMPATH\BaseModel.php(751): CodeIgniter\Model->insert([...], false)
 6 APPPATH\Controllers\Property.php(95): CodeIgniter\BaseModel->save([...])
 7 SYSTEMPATH\CodeIgniter.php(933): App\Controllers\Property->add_property()
 8 SYSTEMPATH\CodeIgniter.php(509): CodeIgniter\CodeIgniter->runController(Object(App\Controllers\Property))
 9 SYSTEMPATH\CodeIgniter.php(355): CodeIgniter\CodeIgniter->handleRequest(null, Object(Config\Cache), false)
10 SYSTEMPATH\Boot.php(325): CodeIgniter\CodeIgniter->run()
11 SYSTEMPATH\Boot.php(67): CodeIgniter\Boot::runCodeIgniter(Object(CodeIgniter\CodeIgniter))
12 FCPATH\index.php(56): CodeIgniter\Boot::bootWeb(Object(Config\Paths))
CRITICAL - 2024-07-23 08:25:36 --> [Caused by] CodeIgniter\Database\Exceptions\DatabaseException: Column 'zipcode' cannot be null
in SYSTEMPATH\Database\MySQLi\Connection.php on line 317.
 1 SYSTEMPATH\Database\BaseConnection.php(734): CodeIgniter\Database\MySQLi\Connection->execute('INSERT INTO `property` (`name`, `description`, `state`, `city`, `zipcode`, `address`, `built_year`, `total_area`, `price`, `parking`, `property_image`) VALUES (\'aastha\', \'<p>sasa</p>\', \'14\', \'Ri-Bhoi\', NULL, \'Ravet\', \'dfd\', \'333\', \'600\', \'Available\', \'1721723136_fc358e067e221db57be6.png,1721723136_71f0f2b8fade65ec92d4.png,1721723136_32e5106112500878e8d3.png\')')
 2 SYSTEMPATH\Database\BaseConnection.php(648): CodeIgniter\Database\BaseConnection->simpleQuery('INSERT INTO `property` (`name`, `description`, `state`, `city`, `zipcode`, `address`, `built_year`, `total_area`, `price`, `parking`, `property_image`) VALUES (\'aastha\', \'<p>sasa</p>\', \'14\', \'Ri-Bhoi\', NULL, \'Ravet\', \'dfd\', \'333\', \'600\', \'Available\', \'1721723136_fc358e067e221db57be6.png,1721723136_71f0f2b8fade65ec92d4.png,1721723136_32e5106112500878e8d3.png\')')
 3 SYSTEMPATH\Database\BaseBuilder.php(2332): CodeIgniter\Database\BaseConnection->query('INSERT INTO `property` (`name`, `description`, `state`, `city`, `zipcode`, `address`, `built_year`, `total_area`, `price`, `parking`, `property_image`) VALUES (:name:, :description:, :state:, :city:, :zipcode:, :address:, :built_year:, :total_area:, :price:, :parking:, :property_image:)', [...], false)
 4 SYSTEMPATH\Model.php(394): CodeIgniter\Database\BaseBuilder->insert()
 5 SYSTEMPATH\BaseModel.php(840): CodeIgniter\Model->doInsert([...])
 6 SYSTEMPATH\Model.php(802): CodeIgniter\BaseModel->insert([...], false)
 7 SYSTEMPATH\BaseModel.php(751): CodeIgniter\Model->insert([...], false)
 8 APPPATH\Controllers\Property.php(95): CodeIgniter\BaseModel->save([...])
 9 SYSTEMPATH\CodeIgniter.php(933): App\Controllers\Property->add_property()
10 SYSTEMPATH\CodeIgniter.php(509): CodeIgniter\CodeIgniter->runController(Object(App\Controllers\Property))
11 SYSTEMPATH\CodeIgniter.php(355): CodeIgniter\CodeIgniter->handleRequest(null, Object(Config\Cache), false)
12 SYSTEMPATH\Boot.php(325): CodeIgniter\CodeIgniter->run()
13 SYSTEMPATH\Boot.php(67): CodeIgniter\Boot::runCodeIgniter(Object(CodeIgniter\CodeIgniter))
14 FCPATH\index.php(56): CodeIgniter\Boot::bootWeb(Object(Config\Paths))
CRITICAL - 2024-07-23 08:25:36 --> [Caused by] mysqli_sql_exception: Column 'zipcode' cannot be null
in SYSTEMPATH\Database\MySQLi\Connection.php on line 312.
 1 SYSTEMPATH\Database\MySQLi\Connection.php(312): mysqli->query('INSERT INTO `property` (`name`, `description`, `state`, `city`, `zipcode`, `address`, `built_year`, `total_area`, `price`, `parking`, `property_image`) VALUES (\'aastha\', \'<p>sasa</p>\', \'14\', \'Ri-Bhoi\', NULL, \'Ravet\', \'dfd\', \'333\', \'600\', \'Available\', \'1721723136_fc358e067e221db57be6.png,1721723136_71f0f2b8fade65ec92d4.png,1721723136_32e5106112500878e8d3.png\')', 0)
 2 SYSTEMPATH\Database\BaseConnection.php(734): CodeIgniter\Database\MySQLi\Connection->execute('INSERT INTO `property` (`name`, `description`, `state`, `city`, `zipcode`, `address`, `built_year`, `total_area`, `price`, `parking`, `property_image`) VALUES (\'aastha\', \'<p>sasa</p>\', \'14\', \'Ri-Bhoi\', NULL, \'Ravet\', \'dfd\', \'333\', \'600\', \'Available\', \'1721723136_fc358e067e221db57be6.png,1721723136_71f0f2b8fade65ec92d4.png,1721723136_32e5106112500878e8d3.png\')')
 3 SYSTEMPATH\Database\BaseConnection.php(648): CodeIgniter\Database\BaseConnection->simpleQuery('INSERT INTO `property` (`name`, `description`, `state`, `city`, `zipcode`, `address`, `built_year`, `total_area`, `price`, `parking`, `property_image`) VALUES (\'aastha\', \'<p>sasa</p>\', \'14\', \'Ri-Bhoi\', NULL, \'Ravet\', \'dfd\', \'333\', \'600\', \'Available\', \'1721723136_fc358e067e221db57be6.png,1721723136_71f0f2b8fade65ec92d4.png,1721723136_32e5106112500878e8d3.png\')')
 4 SYSTEMPATH\Database\BaseBuilder.php(2332): CodeIgniter\Database\BaseConnection->query('INSERT INTO `property` (`name`, `description`, `state`, `city`, `zipcode`, `address`, `built_year`, `total_area`, `price`, `parking`, `property_image`) VALUES (:name:, :description:, :state:, :city:, :zipcode:, :address:, :built_year:, :total_area:, :price:, :parking:, :property_image:)', [...], false)
 5 SYSTEMPATH\Model.php(394): CodeIgniter\Database\BaseBuilder->insert()
 6 SYSTEMPATH\BaseModel.php(840): CodeIgniter\Model->doInsert([...])
 7 SYSTEMPATH\Model.php(802): CodeIgniter\BaseModel->insert([...], false)
 8 SYSTEMPATH\BaseModel.php(751): CodeIgniter\Model->insert([...], false)
 9 APPPATH\Controllers\Property.php(95): CodeIgniter\BaseModel->save([...])
10 SYSTEMPATH\CodeIgniter.php(933): App\Controllers\Property->add_property()
11 SYSTEMPATH\CodeIgniter.php(509): CodeIgniter\CodeIgniter->runController(Object(App\Controllers\Property))
12 SYSTEMPATH\CodeIgniter.php(355): CodeIgniter\CodeIgniter->handleRequest(null, Object(Config\Cache), false)
13 SYSTEMPATH\Boot.php(325): CodeIgniter\CodeIgniter->run()
14 SYSTEMPATH\Boot.php(67): CodeIgniter\Boot::runCodeIgniter(Object(CodeIgniter\CodeIgniter))
15 FCPATH\index.php(56): CodeIgniter\Boot::bootWeb(Object(Config\Paths))
CRITICAL - 2024-07-23 08:36:30 --> ErrorException: Undefined variable $equipments
[Method: GET, Route: view_all_property]
in APPPATH\Views\property\view_all_property.php on line 70.
 1 APPPATH\Views\property\view_all_property.php(70): CodeIgniter\Debug\Exceptions->errorHandler(2, 'Undefined variable $equipments', 'C:\\xampp\\htdocs\\mediresale\\app\\Views\\property\\view_all_property.php', 70)
 2 SYSTEMPATH\View\View.php(234): include('C:\\xampp\\htdocs\\mediresale\\app\\Views\\property\\view_all_property.php')
 3 SYSTEMPATH\View\View.php(237): CodeIgniter\View\View->CodeIgniter\View\{closure}()
 4 SYSTEMPATH\Common.php(1171): CodeIgniter\View\View->render('property/view_all_property', [], true)
 5 APPPATH\Controllers\Property.php(107): view('property/view_all_property', [...])
 6 SYSTEMPATH\CodeIgniter.php(933): App\Controllers\Property->view_all_property()
 7 SYSTEMPATH\CodeIgniter.php(509): CodeIgniter\CodeIgniter->runController(Object(App\Controllers\Property))
 8 SYSTEMPATH\CodeIgniter.php(355): CodeIgniter\CodeIgniter->handleRequest(null, Object(Config\Cache), false)
 9 SYSTEMPATH\Boot.php(325): CodeIgniter\CodeIgniter->run()
10 SYSTEMPATH\Boot.php(67): CodeIgniter\Boot::runCodeIgniter(Object(CodeIgniter\CodeIgniter))
11 FCPATH\index.php(56): CodeIgniter\Boot::bootWeb(Object(Config\Paths))
CRITICAL - 2024-07-23 08:50:20 --> ErrorException: Undefined variable $editequipments
[Method: GET, Route: update_property/15]
in APPPATH\Views\property\update_property.php on line 167.
 1 APPPATH\Views\property\update_property.php(167): CodeIgniter\Debug\Exceptions->errorHandler(2, 'Undefined variable $editequipments', 'C:\\xampp\\htdocs\\mediresale\\app\\Views\\property\\update_property.php', 167)
 2 SYSTEMPATH\View\View.php(234): include('C:\\xampp\\htdocs\\mediresale\\app\\Views\\property\\update_property.php')
 3 SYSTEMPATH\View\View.php(237): CodeIgniter\View\View->CodeIgniter\View\{closure}()
 4 SYSTEMPATH\Common.php(1171): CodeIgniter\View\View->render('property/update_property', [], true)
 5 APPPATH\Controllers\Property.php(136): view('property/update_property', [...])
 6 SYSTEMPATH\CodeIgniter.php(933): App\Controllers\Property->update_property('15')
 7 SYSTEMPATH\CodeIgniter.php(509): CodeIgniter\CodeIgniter->runController(Object(App\Controllers\Property))
 8 SYSTEMPATH\CodeIgniter.php(355): CodeIgniter\CodeIgniter->handleRequest(null, Object(Config\Cache), false)
 9 SYSTEMPATH\Boot.php(325): CodeIgniter\CodeIgniter->run()
10 SYSTEMPATH\Boot.php(67): CodeIgniter\Boot::runCodeIgniter(Object(CodeIgniter\CodeIgniter))
11 FCPATH\index.php(56): CodeIgniter\Boot::bootWeb(Object(Config\Paths))
